{"/Users/karthikshriramgs/Library/CloudStorage/OneDrive-McKinsey&Company/Desktop/evalTempleteFinal/backend/database/config.js": {"path":"/Users/karthikshriramgs/Library/CloudStorage/OneDrive-McKinsey&Company/Desktop/evalTempleteFinal/backend/database/config.js","statementMap":{"0":{"start":{"line":1,"column":0},"end":{"line":35,"column":2}}},"fnMap":{},"branchMap":{},"s":{"0":4},"f":{},"b":{},"_coverageSchema":"1a1c01bbd47fc00a2c39e90264f33305004495a9","hash":"b5b8623b643615f541d1dba0c46d1c1b2c17f6c9"}
,"/Users/karthikshriramgs/Library/CloudStorage/OneDrive-McKinsey&Company/Desktop/evalTempleteFinal/backend/database/models/collections.js": {"path":"/Users/karthikshriramgs/Library/CloudStorage/OneDrive-McKinsey&Company/Desktop/evalTempleteFinal/backend/database/models/collections.js","statementMap":{"0":{"start":{"line":4,"column":4},"end":{"line":4,"column":24}},"1":{"start":{"line":5,"column":0},"end":{"line":27,"column":2}},"2":{"start":{"line":14,"column":6},"end":{"line":16,"column":9}},"3":{"start":{"line":19,"column":2},"end":{"line":25,"column":5}},"4":{"start":{"line":26,"column":2},"end":{"line":26,"column":21}}},"fnMap":{"0":{"name":"(anonymous_0)","decl":{"start":{"line":5,"column":17},"end":{"line":5,"column":18}},"loc":{"start":{"line":5,"column":43},"end":{"line":27,"column":1}},"line":5},"1":{"name":"(anonymous_1)","decl":{"start":{"line":12,"column":4},"end":{"line":12,"column":5}},"loc":{"start":{"line":12,"column":29},"end":{"line":17,"column":5}},"line":12}},"branchMap":{},"s":{"0":4,"1":4,"2":4,"3":4,"4":4},"f":{"0":4,"1":4},"b":{},"_coverageSchema":"1a1c01bbd47fc00a2c39e90264f33305004495a9","hash":"585e0674c1f075d9ec4661193e8a0267221f994d"}
,"/Users/karthikshriramgs/Library/CloudStorage/OneDrive-McKinsey&Company/Desktop/evalTempleteFinal/backend/database/models/contenttype.js": {"path":"/Users/karthikshriramgs/Library/CloudStorage/OneDrive-McKinsey&Company/Desktop/evalTempleteFinal/backend/database/models/contenttype.js","statementMap":{"0":{"start":{"line":4,"column":4},"end":{"line":4,"column":24}},"1":{"start":{"line":5,"column":0},"end":{"line":28,"column":2}},"2":{"start":{"line":14,"column":6},"end":{"line":16,"column":9}},"3":{"start":{"line":19,"column":2},"end":{"line":26,"column":5}},"4":{"start":{"line":27,"column":2},"end":{"line":27,"column":21}}},"fnMap":{"0":{"name":"(anonymous_0)","decl":{"start":{"line":5,"column":17},"end":{"line":5,"column":18}},"loc":{"start":{"line":5,"column":43},"end":{"line":28,"column":1}},"line":5},"1":{"name":"(anonymous_1)","decl":{"start":{"line":12,"column":4},"end":{"line":12,"column":5}},"loc":{"start":{"line":12,"column":29},"end":{"line":17,"column":5}},"line":12}},"branchMap":{},"s":{"0":4,"1":4,"2":4,"3":4,"4":4},"f":{"0":4,"1":4},"b":{},"_coverageSchema":"1a1c01bbd47fc00a2c39e90264f33305004495a9","hash":"782d89557ce6bb5b8bf816cb3fef0b7f7178cf59"}
,"/Users/karthikshriramgs/Library/CloudStorage/OneDrive-McKinsey&Company/Desktop/evalTempleteFinal/backend/database/models/index.js": {"path":"/Users/karthikshriramgs/Library/CloudStorage/OneDrive-McKinsey&Company/Desktop/evalTempleteFinal/backend/database/models/index.js","statementMap":{"0":{"start":{"line":3,"column":11},"end":{"line":3,"column":24}},"1":{"start":{"line":4,"column":13},"end":{"line":4,"column":28}},"2":{"start":{"line":5,"column":18},"end":{"line":5,"column":38}},"3":{"start":{"line":6,"column":16},"end":{"line":6,"column":34}},"4":{"start":{"line":7,"column":17},"end":{"line":7,"column":42}},"5":{"start":{"line":8,"column":12},"end":{"line":8,"column":49}},"6":{"start":{"line":9,"column":15},"end":{"line":9,"column":68}},"7":{"start":{"line":10,"column":11},"end":{"line":10,"column":13}},"8":{"start":{"line":11,"column":0},"end":{"line":11,"column":20}},"9":{"start":{"line":13,"column":0},"end":{"line":17,"column":1}},"10":{"start":{"line":14,"column":2},"end":{"line":14,"column":74}},"11":{"start":{"line":16,"column":2},"end":{"line":16,"column":87}},"12":{"start":{"line":19,"column":0},"end":{"line":32,"column":5}},"13":{"start":{"line":22,"column":4},"end":{"line":27,"column":6}},"14":{"start":{"line":30,"column":18},"end":{"line":30,"column":85}},"15":{"start":{"line":31,"column":4},"end":{"line":31,"column":27}},"16":{"start":{"line":34,"column":0},"end":{"line":38,"column":3}},"17":{"start":{"line":35,"column":2},"end":{"line":37,"column":3}},"18":{"start":{"line":36,"column":4},"end":{"line":36,"column":32}},"19":{"start":{"line":40,"column":0},"end":{"line":40,"column":25}},"20":{"start":{"line":41,"column":0},"end":{"line":41,"column":25}},"21":{"start":{"line":43,"column":0},"end":{"line":43,"column":20}}},"fnMap":{"0":{"name":"(anonymous_0)","decl":{"start":{"line":21,"column":10},"end":{"line":21,"column":11}},"loc":{"start":{"line":21,"column":18},"end":{"line":28,"column":3}},"line":21},"1":{"name":"(anonymous_1)","decl":{"start":{"line":29,"column":11},"end":{"line":29,"column":12}},"loc":{"start":{"line":29,"column":19},"end":{"line":32,"column":3}},"line":29},"2":{"name":"(anonymous_2)","decl":{"start":{"line":34,"column":24},"end":{"line":34,"column":25}},"loc":{"start":{"line":34,"column":37},"end":{"line":38,"column":1}},"line":34}},"branchMap":{"0":{"loc":{"start":{"line":8,"column":12},"end":{"line":8,"column":49}},"type":"binary-expr","locations":[{"start":{"line":8,"column":12},"end":{"line":8,"column":32}},{"start":{"line":8,"column":36},"end":{"line":8,"column":49}}],"line":8},"1":{"loc":{"start":{"line":13,"column":0},"end":{"line":17,"column":1}},"type":"if","locations":[{"start":{"line":13,"column":0},"end":{"line":17,"column":1}},{"start":{"line":15,"column":7},"end":{"line":17,"column":1}}],"line":13},"2":{"loc":{"start":{"line":23,"column":6},"end":{"line":26,"column":37}},"type":"binary-expr","locations":[{"start":{"line":23,"column":6},"end":{"line":23,"column":29}},{"start":{"line":24,"column":6},"end":{"line":24,"column":23}},{"start":{"line":25,"column":6},"end":{"line":25,"column":30}},{"start":{"line":26,"column":6},"end":{"line":26,"column":37}}],"line":23},"3":{"loc":{"start":{"line":35,"column":2},"end":{"line":37,"column":3}},"type":"if","locations":[{"start":{"line":35,"column":2},"end":{"line":37,"column":3}},{"start":{},"end":{}}],"line":35}},"s":{"0":4,"1":4,"2":4,"3":4,"4":4,"5":4,"6":4,"7":4,"8":4,"9":4,"10":0,"11":4,"12":4,"13":12,"14":8,"15":8,"16":4,"17":8,"18":8,"19":4,"20":4,"21":4},"f":{"0":12,"1":8,"2":8},"b":{"0":[4,0],"1":[0,4],"2":[12,12,8,8],"3":[8,0]},"_coverageSchema":"1a1c01bbd47fc00a2c39e90264f33305004495a9","hash":"85774e60954e84cf57c349ccc530bc78dc90aff9"}
,"/Users/karthikshriramgs/Library/CloudStorage/OneDrive-McKinsey&Company/Desktop/evalTempleteFinal/backend/src/controllers/collections.js": {"path":"/Users/karthikshriramgs/Library/CloudStorage/OneDrive-McKinsey&Company/Desktop/evalTempleteFinal/backend/src/controllers/collections.js","statementMap":{"0":{"start":{"line":1,"column":27},"end":{"line":1,"column":61}},"1":{"start":{"line":3,"column":2},"end":{"line":9,"column":3}},"2":{"start":{"line":4,"column":34},"end":{"line":4,"column":42}},"3":{"start":{"line":5,"column":23},"end":{"line":5,"column":85}},"4":{"start":{"line":6,"column":4},"end":{"line":6,"column":37}},"5":{"start":{"line":8,"column":4},"end":{"line":8,"column":63}},"6":{"start":{"line":12,"column":2},"end":{"line":22,"column":3}},"7":{"start":{"line":13,"column":26},"end":{"line":13,"column":36}},"8":{"start":{"line":14,"column":23},"end":{"line":14,"column":83}},"9":{"start":{"line":16,"column":4},"end":{"line":19,"column":39}},"10":{"start":{"line":17,"column":6},"end":{"line":17,"column":64}},"11":{"start":{"line":19,"column":6},"end":{"line":19,"column":39}},"12":{"start":{"line":21,"column":4},"end":{"line":21,"column":63}},"13":{"start":{"line":25,"column":2},"end":{"line":34,"column":3}},"14":{"start":{"line":26,"column":19},"end":{"line":26,"column":29}},"15":{"start":{"line":27,"column":23},"end":{"line":27,"column":69}},"16":{"start":{"line":28,"column":4},"end":{"line":31,"column":39}},"17":{"start":{"line":29,"column":6},"end":{"line":29,"column":64}},"18":{"start":{"line":31,"column":6},"end":{"line":31,"column":39}},"19":{"start":{"line":33,"column":4},"end":{"line":33,"column":63}},"20":{"start":{"line":38,"column":2},"end":{"line":52,"column":3}},"21":{"start":{"line":39,"column":19},"end":{"line":39,"column":29}},"22":{"start":{"line":40,"column":34},"end":{"line":40,"column":42}},"23":{"start":{"line":41,"column":23},"end":{"line":41,"column":88}},"24":{"start":{"line":42,"column":4},"end":{"line":46,"column":39}},"25":{"start":{"line":43,"column":6},"end":{"line":43,"column":64}},"26":{"start":{"line":46,"column":6},"end":{"line":46,"column":39}},"27":{"start":{"line":48,"column":4},"end":{"line":51,"column":65}},"28":{"start":{"line":49,"column":6},"end":{"line":49,"column":64}},"29":{"start":{"line":51,"column":6},"end":{"line":51,"column":65}},"30":{"start":{"line":55,"column":2},"end":{"line":64,"column":3}},"31":{"start":{"line":56,"column":19},"end":{"line":56,"column":29}},"32":{"start":{"line":57,"column":23},"end":{"line":57,"column":68}},"33":{"start":{"line":58,"column":4},"end":{"line":61,"column":75}},"34":{"start":{"line":59,"column":6},"end":{"line":59,"column":64}},"35":{"start":{"line":61,"column":6},"end":{"line":61,"column":75}},"36":{"start":{"line":63,"column":4},"end":{"line":63,"column":63}},"37":{"start":{"line":68,"column":0},"end":{"line":74,"column":2}}},"fnMap":{"0":{"name":"createCollection","decl":{"start":{"line":2,"column":15},"end":{"line":2,"column":31}},"loc":{"start":{"line":2,"column":42},"end":{"line":10,"column":1}},"line":2},"1":{"name":"getCollectionByContentId","decl":{"start":{"line":11,"column":15},"end":{"line":11,"column":39}},"loc":{"start":{"line":11,"column":50},"end":{"line":23,"column":1}},"line":11},"2":{"name":"getCollectionById","decl":{"start":{"line":24,"column":15},"end":{"line":24,"column":32}},"loc":{"start":{"line":24,"column":43},"end":{"line":35,"column":1}},"line":24},"3":{"name":"updateCollection","decl":{"start":{"line":37,"column":15},"end":{"line":37,"column":31}},"loc":{"start":{"line":37,"column":42},"end":{"line":53,"column":1}},"line":37},"4":{"name":"deleteCollection","decl":{"start":{"line":54,"column":15},"end":{"line":54,"column":31}},"loc":{"start":{"line":54,"column":42},"end":{"line":65,"column":1}},"line":54}},"branchMap":{"0":{"loc":{"start":{"line":16,"column":4},"end":{"line":19,"column":39}},"type":"if","locations":[{"start":{"line":16,"column":4},"end":{"line":19,"column":39}},{"start":{"line":19,"column":6},"end":{"line":19,"column":39}}],"line":16},"1":{"loc":{"start":{"line":28,"column":4},"end":{"line":31,"column":39}},"type":"if","locations":[{"start":{"line":28,"column":4},"end":{"line":31,"column":39}},{"start":{"line":31,"column":6},"end":{"line":31,"column":39}}],"line":28},"2":{"loc":{"start":{"line":42,"column":4},"end":{"line":46,"column":39}},"type":"if","locations":[{"start":{"line":42,"column":4},"end":{"line":46,"column":39}},{"start":{"line":46,"column":6},"end":{"line":46,"column":39}}],"line":42},"3":{"loc":{"start":{"line":48,"column":4},"end":{"line":51,"column":65}},"type":"if","locations":[{"start":{"line":48,"column":4},"end":{"line":51,"column":65}},{"start":{"line":51,"column":6},"end":{"line":51,"column":65}}],"line":48},"4":{"loc":{"start":{"line":58,"column":4},"end":{"line":61,"column":75}},"type":"if","locations":[{"start":{"line":58,"column":4},"end":{"line":61,"column":75}},{"start":{"line":61,"column":6},"end":{"line":61,"column":75}}],"line":58}},"s":{"0":1,"1":2,"2":2,"3":2,"4":1,"5":1,"6":3,"7":3,"8":3,"9":2,"10":1,"11":1,"12":1,"13":3,"14":3,"15":3,"16":2,"17":1,"18":1,"19":1,"20":3,"21":3,"22":3,"23":3,"24":2,"25":1,"26":1,"27":1,"28":0,"29":1,"30":3,"31":3,"32":3,"33":2,"34":1,"35":1,"36":1,"37":1},"f":{"0":2,"1":3,"2":3,"3":3,"4":3},"b":{"0":[1,1],"1":[1,1],"2":[1,1],"3":[0,1],"4":[1,1]},"_coverageSchema":"1a1c01bbd47fc00a2c39e90264f33305004495a9","hash":"f49e5000cb35d69370059cd5763210b05fdd60a0"}
,"/Users/karthikshriramgs/Library/CloudStorage/OneDrive-McKinsey&Company/Desktop/evalTempleteFinal/backend/src/controllers/contentType.js": {"path":"/Users/karthikshriramgs/Library/CloudStorage/OneDrive-McKinsey&Company/Desktop/evalTempleteFinal/backend/src/controllers/contentType.js","statementMap":{"0":{"start":{"line":1,"column":27},"end":{"line":1,"column":61}},"1":{"start":{"line":4,"column":2},"end":{"line":13,"column":3}},"2":{"start":{"line":5,"column":47},"end":{"line":5,"column":55}},"3":{"start":{"line":6,"column":4},"end":{"line":6,"column":34}},"4":{"start":{"line":7,"column":24},"end":{"line":7,"column":99}},"5":{"start":{"line":8,"column":4},"end":{"line":8,"column":38}},"6":{"start":{"line":10,"column":4},"end":{"line":10,"column":23}},"7":{"start":{"line":11,"column":4},"end":{"line":11,"column":63}},"8":{"start":{"line":16,"column":2},"end":{"line":23,"column":3}},"9":{"start":{"line":17,"column":24},"end":{"line":17,"column":32}},"10":{"start":{"line":18,"column":25},"end":{"line":18,"column":77}},"11":{"start":{"line":19,"column":4},"end":{"line":19,"column":39}},"12":{"start":{"line":21,"column":4},"end":{"line":21,"column":63}},"13":{"start":{"line":27,"column":2},"end":{"line":37,"column":3}},"14":{"start":{"line":28,"column":19},"end":{"line":28,"column":29}},"15":{"start":{"line":29,"column":20},"end":{"line":29,"column":63}},"16":{"start":{"line":30,"column":4},"end":{"line":33,"column":36}},"17":{"start":{"line":31,"column":6},"end":{"line":31,"column":61}},"18":{"start":{"line":33,"column":6},"end":{"line":33,"column":36}},"19":{"start":{"line":35,"column":4},"end":{"line":35,"column":63}},"20":{"start":{"line":41,"column":2},"end":{"line":52,"column":3}},"21":{"start":{"line":42,"column":19},"end":{"line":42,"column":29}},"22":{"start":{"line":43,"column":39},"end":{"line":43,"column":47}},"23":{"start":{"line":44,"column":20},"end":{"line":44,"column":90}},"24":{"start":{"line":45,"column":4},"end":{"line":49,"column":36}},"25":{"start":{"line":46,"column":6},"end":{"line":46,"column":61}},"26":{"start":{"line":49,"column":6},"end":{"line":49,"column":36}},"27":{"start":{"line":51,"column":4},"end":{"line":51,"column":63}},"28":{"start":{"line":56,"column":2},"end":{"line":67,"column":3}},"29":{"start":{"line":57,"column":19},"end":{"line":57,"column":29}},"30":{"start":{"line":58,"column":20},"end":{"line":58,"column":66}},"31":{"start":{"line":59,"column":4},"end":{"line":62,"column":72}},"32":{"start":{"line":60,"column":6},"end":{"line":60,"column":61}},"33":{"start":{"line":62,"column":6},"end":{"line":62,"column":72}},"34":{"start":{"line":66,"column":4},"end":{"line":66,"column":63}},"35":{"start":{"line":70,"column":0},"end":{"line":72,"column":2}}},"fnMap":{"0":{"name":"createContentType","decl":{"start":{"line":3,"column":15},"end":{"line":3,"column":32}},"loc":{"start":{"line":3,"column":43},"end":{"line":14,"column":1}},"line":3},"1":{"name":"getAllContentTypes","decl":{"start":{"line":15,"column":15},"end":{"line":15,"column":33}},"loc":{"start":{"line":15,"column":44},"end":{"line":24,"column":1}},"line":15},"2":{"name":"getContentById","decl":{"start":{"line":26,"column":15},"end":{"line":26,"column":29}},"loc":{"start":{"line":26,"column":40},"end":{"line":38,"column":1}},"line":26},"3":{"name":"updateContentType","decl":{"start":{"line":40,"column":15},"end":{"line":40,"column":32}},"loc":{"start":{"line":40,"column":43},"end":{"line":53,"column":1}},"line":40},"4":{"name":"deleteContentType","decl":{"start":{"line":55,"column":15},"end":{"line":55,"column":32}},"loc":{"start":{"line":55,"column":45},"end":{"line":68,"column":1}},"line":55}},"branchMap":{"0":{"loc":{"start":{"line":30,"column":4},"end":{"line":33,"column":36}},"type":"if","locations":[{"start":{"line":30,"column":4},"end":{"line":33,"column":36}},{"start":{"line":33,"column":6},"end":{"line":33,"column":36}}],"line":30},"1":{"loc":{"start":{"line":45,"column":4},"end":{"line":49,"column":36}},"type":"if","locations":[{"start":{"line":45,"column":4},"end":{"line":49,"column":36}},{"start":{"line":49,"column":6},"end":{"line":49,"column":36}}],"line":45},"2":{"loc":{"start":{"line":59,"column":4},"end":{"line":62,"column":72}},"type":"if","locations":[{"start":{"line":59,"column":4},"end":{"line":62,"column":72}},{"start":{"line":62,"column":6},"end":{"line":62,"column":72}}],"line":59}},"s":{"0":1,"1":2,"2":2,"3":2,"4":2,"5":1,"6":1,"7":1,"8":1,"9":1,"10":0,"11":0,"12":1,"13":3,"14":3,"15":3,"16":2,"17":1,"18":1,"19":1,"20":3,"21":3,"22":3,"23":3,"24":2,"25":1,"26":1,"27":1,"28":3,"29":3,"30":3,"31":2,"32":1,"33":1,"34":1,"35":1},"f":{"0":2,"1":1,"2":3,"3":3,"4":3},"b":{"0":[1,1],"1":[1,1],"2":[1,1]},"_coverageSchema":"1a1c01bbd47fc00a2c39e90264f33305004495a9","hash":"65039f4f75d8fe8f1c305d2547885a5aa0f46dc1"}
,"/Users/karthikshriramgs/Library/CloudStorage/OneDrive-McKinsey&Company/Desktop/evalTempleteFinal/backend/src/services/collections.js": {"path":"/Users/karthikshriramgs/Library/CloudStorage/OneDrive-McKinsey&Company/Desktop/evalTempleteFinal/backend/src/services/collections.js","statementMap":{"0":{"start":{"line":1,"column":21},"end":{"line":1,"column":53}},"1":{"start":{"line":2,"column":20},"end":{"line":2,"column":46}},"2":{"start":{"line":4,"column":21},"end":{"line":7,"column":4}},"3":{"start":{"line":8,"column":2},"end":{"line":8,"column":20}},"4":{"start":{"line":12,"column":21},"end":{"line":16,"column":4}},"5":{"start":{"line":17,"column":2},"end":{"line":19,"column":3}},"6":{"start":{"line":18,"column":4},"end":{"line":18,"column":53}},"7":{"start":{"line":20,"column":2},"end":{"line":20,"column":20}},"8":{"start":{"line":27,"column":21},"end":{"line":27,"column":51}},"9":{"start":{"line":28,"column":2},"end":{"line":30,"column":3}},"10":{"start":{"line":29,"column":4},"end":{"line":29,"column":53}},"11":{"start":{"line":31,"column":2},"end":{"line":31,"column":20}},"12":{"start":{"line":38,"column":21},"end":{"line":45,"column":4}},"13":{"start":{"line":46,"column":2},"end":{"line":48,"column":3}},"14":{"start":{"line":47,"column":4},"end":{"line":47,"column":53}},"15":{"start":{"line":49,"column":2},"end":{"line":49,"column":20}},"16":{"start":{"line":54,"column":21},"end":{"line":58,"column":4}},"17":{"start":{"line":59,"column":2},"end":{"line":61,"column":3}},"18":{"start":{"line":60,"column":4},"end":{"line":60,"column":53}},"19":{"start":{"line":62,"column":2},"end":{"line":62,"column":20}},"20":{"start":{"line":67,"column":0},"end":{"line":69,"column":2}}},"fnMap":{"0":{"name":"createCollection","decl":{"start":{"line":3,"column":15},"end":{"line":3,"column":31}},"loc":{"start":{"line":3,"column":52},"end":{"line":9,"column":1}},"line":3},"1":{"name":"getCollectionByContentId","decl":{"start":{"line":10,"column":15},"end":{"line":10,"column":39}},"loc":{"start":{"line":10,"column":51},"end":{"line":22,"column":1}},"line":10},"2":{"name":"getCollectionById","decl":{"start":{"line":25,"column":15},"end":{"line":25,"column":32}},"loc":{"start":{"line":25,"column":37},"end":{"line":34,"column":1}},"line":25},"3":{"name":"updateCollection","decl":{"start":{"line":36,"column":15},"end":{"line":36,"column":31}},"loc":{"start":{"line":36,"column":56},"end":{"line":50,"column":1}},"line":36},"4":{"name":"deleteCollection","decl":{"start":{"line":53,"column":15},"end":{"line":53,"column":31}},"loc":{"start":{"line":53,"column":36},"end":{"line":63,"column":1}},"line":53}},"branchMap":{"0":{"loc":{"start":{"line":17,"column":2},"end":{"line":19,"column":3}},"type":"if","locations":[{"start":{"line":17,"column":2},"end":{"line":19,"column":3}},{"start":{},"end":{}}],"line":17},"1":{"loc":{"start":{"line":28,"column":2},"end":{"line":30,"column":3}},"type":"if","locations":[{"start":{"line":28,"column":2},"end":{"line":30,"column":3}},{"start":{},"end":{}}],"line":28},"2":{"loc":{"start":{"line":46,"column":2},"end":{"line":48,"column":3}},"type":"if","locations":[{"start":{"line":46,"column":2},"end":{"line":48,"column":3}},{"start":{},"end":{}}],"line":46},"3":{"loc":{"start":{"line":59,"column":2},"end":{"line":61,"column":3}},"type":"if","locations":[{"start":{"line":59,"column":2},"end":{"line":61,"column":3}},{"start":{},"end":{}}],"line":59}},"s":{"0":2,"1":2,"2":1,"3":1,"4":2,"5":2,"6":0,"7":2,"8":1,"9":1,"10":0,"11":1,"12":1,"13":1,"14":0,"15":1,"16":1,"17":1,"18":0,"19":1,"20":2},"f":{"0":1,"1":2,"2":1,"3":1,"4":1},"b":{"0":[0,2],"1":[0,1],"2":[0,1],"3":[0,1]},"_coverageSchema":"1a1c01bbd47fc00a2c39e90264f33305004495a9","hash":"9c349486e46bc01bca4e6779d2e8fe5c9a118297"}
,"/Users/karthikshriramgs/Library/CloudStorage/OneDrive-McKinsey&Company/Desktop/evalTempleteFinal/backend/src/services/contentType.js": {"path":"/Users/karthikshriramgs/Library/CloudStorage/OneDrive-McKinsey&Company/Desktop/evalTempleteFinal/backend/src/services/contentType.js","statementMap":{"0":{"start":{"line":1,"column":22},"end":{"line":1,"column":54}},"1":{"start":{"line":3,"column":22},"end":{"line":7,"column":4}},"2":{"start":{"line":9,"column":2},"end":{"line":9,"column":21}},"3":{"start":{"line":12,"column":23},"end":{"line":19,"column":3}},"4":{"start":{"line":20,"column":2},"end":{"line":20,"column":22}},"5":{"start":{"line":23,"column":2},"end":{"line":29,"column":3}},"6":{"start":{"line":24,"column":20},"end":{"line":24,"column":50}},"7":{"start":{"line":25,"column":4},"end":{"line":25,"column":19}},"8":{"start":{"line":28,"column":4},"end":{"line":28,"column":16}},"9":{"start":{"line":33,"column":2},"end":{"line":45,"column":3}},"10":{"start":{"line":34,"column":20},"end":{"line":41,"column":6}},"11":{"start":{"line":42,"column":4},"end":{"line":42,"column":19}},"12":{"start":{"line":44,"column":4},"end":{"line":44,"column":16}},"13":{"start":{"line":49,"column":2},"end":{"line":59,"column":3}},"14":{"start":{"line":50,"column":20},"end":{"line":54,"column":6}},"15":{"start":{"line":55,"column":4},"end":{"line":55,"column":19}},"16":{"start":{"line":58,"column":4},"end":{"line":58,"column":16}},"17":{"start":{"line":63,"column":0},"end":{"line":65,"column":2}}},"fnMap":{"0":{"name":"createContentType","decl":{"start":{"line":2,"column":15},"end":{"line":2,"column":32}},"loc":{"start":{"line":2,"column":66},"end":{"line":10,"column":1}},"line":2},"1":{"name":"getAllContentTypes","decl":{"start":{"line":11,"column":15},"end":{"line":11,"column":33}},"loc":{"start":{"line":11,"column":43},"end":{"line":21,"column":1}},"line":11},"2":{"name":"getContentById","decl":{"start":{"line":22,"column":15},"end":{"line":22,"column":29}},"loc":{"start":{"line":22,"column":34},"end":{"line":31,"column":1}},"line":22},"3":{"name":"updateContentType","decl":{"start":{"line":32,"column":15},"end":{"line":32,"column":32}},"loc":{"start":{"line":32,"column":61},"end":{"line":47,"column":1}},"line":32},"4":{"name":"deleteContentType","decl":{"start":{"line":48,"column":15},"end":{"line":48,"column":32}},"loc":{"start":{"line":48,"column":37},"end":{"line":61,"column":1}},"line":48}},"branchMap":{},"s":{"0":2,"1":1,"2":1,"3":1,"4":1,"5":2,"6":2,"7":2,"8":0,"9":2,"10":2,"11":2,"12":0,"13":2,"14":2,"15":2,"16":0,"17":2},"f":{"0":1,"1":1,"2":2,"3":2,"4":2},"b":{},"_coverageSchema":"1a1c01bbd47fc00a2c39e90264f33305004495a9","hash":"9f00db5c63b9990f0fce50ba24e9e141bc97b4bb"}
,"/Users/karthikshriramgs/Library/CloudStorage/OneDrive-McKinsey&Company/Desktop/evalTempleteFinal/backend/src/utils/errors.js": {"path":"/Users/karthikshriramgs/Library/CloudStorage/OneDrive-McKinsey&Company/Desktop/evalTempleteFinal/backend/src/utils/errors.js","statementMap":{"0":{"start":{"line":3,"column":4},"end":{"line":3,"column":58}},"1":{"start":{"line":3,"column":21},"end":{"line":3,"column":58}},"2":{"start":{"line":4,"column":4},"end":{"line":4,"column":19}},"3":{"start":{"line":5,"column":4},"end":{"line":5,"column":21}},"4":{"start":{"line":9,"column":0},"end":{"line":9,"column":31}}},"fnMap":{"0":{"name":"(anonymous_0)","decl":{"start":{"line":2,"column":2},"end":{"line":2,"column":3}},"loc":{"start":{"line":2,"column":29},"end":{"line":6,"column":3}},"line":2}},"branchMap":{"0":{"loc":{"start":{"line":3,"column":4},"end":{"line":3,"column":58}},"type":"if","locations":[{"start":{"line":3,"column":4},"end":{"line":3,"column":58}},{"start":{},"end":{}}],"line":3}},"s":{"0":0,"1":0,"2":0,"3":0,"4":2},"f":{"0":0},"b":{"0":[0,0]},"_coverageSchema":"1a1c01bbd47fc00a2c39e90264f33305004495a9","hash":"ef318b829cff9e17c3c27df7bd90bdd0b4d74d8e"}
}
