TN:
SF:database/config.js
FNF:0
FNH:0
DA:1,4
LF:1
LH:1
BRF:0
BRH:0
end_of_record
TN:
SF:database/models/collections.js
FN:5,(anonymous_0)
FN:12,(anonymous_1)
FNF:2
FNH:2
FNDA:4,(anonymous_0)
FNDA:4,(anonymous_1)
DA:4,4
DA:5,4
DA:14,4
DA:19,4
DA:26,4
LF:5
LH:5
BRF:0
BRH:0
end_of_record
TN:
SF:database/models/contenttype.js
FN:5,(anonymous_0)
FN:12,(anonymous_1)
FNF:2
FNH:2
FNDA:4,(anonymous_0)
FNDA:4,(anonymous_1)
DA:4,4
DA:5,4
DA:14,4
DA:19,4
DA:27,4
LF:5
LH:5
BRF:0
BRH:0
end_of_record
TN:
SF:database/models/index.js
FN:21,(anonymous_0)
FN:29,(anonymous_1)
FN:34,(anonymous_2)
FNF:3
FNH:3
FNDA:12,(anonymous_0)
FNDA:8,(anonymous_1)
FNDA:8,(anonymous_2)
DA:3,4
DA:4,4
DA:5,4
DA:6,4
DA:7,4
DA:8,4
DA:9,4
DA:10,4
DA:11,4
DA:13,4
DA:14,0
DA:16,4
DA:19,4
DA:22,12
DA:30,8
DA:31,8
DA:34,4
DA:35,8
DA:36,8
DA:40,4
DA:41,4
DA:43,4
LF:22
LH:21
BRDA:8,0,0,4
BRDA:8,0,1,0
BRDA:13,1,0,0
BRDA:13,1,1,4
BRDA:23,2,0,12
BRDA:23,2,1,12
BRDA:23,2,2,8
BRDA:23,2,3,8
BRDA:35,3,0,8
BRDA:35,3,1,0
BRF:10
BRH:7
end_of_record
TN:
SF:src/controllers/collections.js
FN:2,createCollection
FN:11,getCollectionByContentId
FN:24,getCollectionById
FN:37,updateCollection
FN:54,deleteCollection
FNF:5
FNH:5
FNDA:2,createCollection
FNDA:3,getCollectionByContentId
FNDA:3,getCollectionById
FNDA:3,updateCollection
FNDA:3,deleteCollection
DA:1,1
DA:3,2
DA:4,2
DA:5,2
DA:6,1
DA:8,1
DA:12,3
DA:13,3
DA:14,3
DA:16,2
DA:17,1
DA:19,1
DA:21,1
DA:25,3
DA:26,3
DA:27,3
DA:28,2
DA:29,1
DA:31,1
DA:33,1
DA:38,3
DA:39,3
DA:40,3
DA:41,3
DA:42,2
DA:43,1
DA:46,1
DA:48,1
DA:49,0
DA:51,1
DA:55,3
DA:56,3
DA:57,3
DA:58,2
DA:59,1
DA:61,1
DA:63,1
DA:68,1
LF:38
LH:37
BRDA:16,0,0,1
BRDA:16,0,1,1
BRDA:28,1,0,1
BRDA:28,1,1,1
BRDA:42,2,0,1
BRDA:42,2,1,1
BRDA:48,3,0,0
BRDA:48,3,1,1
BRDA:58,4,0,1
BRDA:58,4,1,1
BRF:10
BRH:9
end_of_record
TN:
SF:src/controllers/contentType.js
FN:3,createContentType
FN:15,getAllContentTypes
FN:26,getContentById
FN:40,updateContentType
FN:55,deleteContentType
FNF:5
FNH:5
FNDA:2,createContentType
FNDA:1,getAllContentTypes
FNDA:3,getContentById
FNDA:3,updateContentType
FNDA:3,deleteContentType
DA:1,1
DA:4,2
DA:5,2
DA:6,2
DA:7,2
DA:8,1
DA:10,1
DA:11,1
DA:16,1
DA:17,1
DA:18,0
DA:19,0
DA:21,1
DA:27,3
DA:28,3
DA:29,3
DA:30,2
DA:31,1
DA:33,1
DA:35,1
DA:41,3
DA:42,3
DA:43,3
DA:44,3
DA:45,2
DA:46,1
DA:49,1
DA:51,1
DA:56,3
DA:57,3
DA:58,3
DA:59,2
DA:60,1
DA:62,1
DA:66,1
DA:70,1
LF:36
LH:34
BRDA:30,0,0,1
BRDA:30,0,1,1
BRDA:45,1,0,1
BRDA:45,1,1,1
BRDA:59,2,0,1
BRDA:59,2,1,1
BRF:6
BRH:6
end_of_record
TN:
SF:src/services/collections.js
FN:3,createCollection
FN:10,getCollectionByContentId
FN:23,getCollectionById
FN:34,updateCollection
FN:49,deleteCollection
FNF:5
FNH:5
FNDA:1,createCollection
FNDA:2,getCollectionByContentId
FNDA:2,getCollectionById
FNDA:2,updateCollection
FNDA:2,deleteCollection
DA:1,2
DA:2,2
DA:4,1
DA:8,1
DA:12,2
DA:17,2
DA:18,0
DA:20,2
DA:25,2
DA:26,2
DA:27,1
DA:29,1
DA:36,2
DA:44,2
DA:45,1
DA:47,1
DA:50,2
DA:55,2
DA:56,1
DA:58,1
DA:63,2
LF:21
LH:20
BRDA:17,0,0,0
BRDA:17,0,1,2
BRDA:26,1,0,1
BRDA:26,1,1,1
BRDA:44,2,0,1
BRDA:44,2,1,1
BRDA:55,3,0,1
BRDA:55,3,1,1
BRF:8
BRH:7
end_of_record
TN:
SF:src/services/contentType.js
FN:2,createContentType
FN:11,getAllContentTypes
FN:22,getContentById
FN:32,updateContentType
FN:48,deleteContentType
FNF:5
FNH:5
FNDA:1,createContentType
FNDA:1,getAllContentTypes
FNDA:2,getContentById
FNDA:2,updateContentType
FNDA:2,deleteContentType
DA:1,2
DA:3,1
DA:9,1
DA:12,1
DA:20,1
DA:23,2
DA:24,2
DA:25,2
DA:28,0
DA:33,2
DA:34,2
DA:42,2
DA:44,0
DA:49,2
DA:50,2
DA:55,2
DA:58,0
DA:63,2
LF:18
LH:15
BRF:0
BRH:0
end_of_record
TN:
SF:src/utils/errors.js
FN:2,(anonymous_0)
FNF:1
FNH:0
FNDA:0,(anonymous_0)
DA:3,0
DA:4,0
DA:5,0
DA:9,2
LF:4
LH:1
BRDA:3,0,0,0
BRDA:3,0,1,0
BRF:2
BRH:0
end_of_record
